<?xml version="1.0" encoding="UTF-8"?>
<testng-results ignored="0" total="1" passed="1" failed="0" skipped="0">
  <reporter-output>
  </reporter-output>
  <suite started-at="2023-12-26T16:22:09Z" name="Identify New Bikes" finished-at="2023-12-26T16:22:38Z" duration-ms="28711">
    <groups>
    </groups>
    <test started-at="2023-12-26T16:22:09Z" name="FunctionalTesting" finished-at="2023-12-26T16:22:38Z" duration-ms="28711">
      <class name="TestSuite.AllTest">
        <test-method is-config="true" signature="driverSetup()[pri:0, instance:TestSuite.AllTest@dcfda20]" started-at="2023-12-26T21:52:06Z" name="driverSetup" finished-at="2023-12-26T21:52:09Z" duration-ms="3864" status="PASS">
          <reporter-output>
          </reporter-output>
        </test-method> <!-- driverSetup -->
        <test-method signature="test()[pri:0, instance:TestSuite.AllTest@dcfda20]" started-at="2023-12-26T21:52:09Z" name="test" finished-at="2023-12-26T21:52:38Z" duration-ms="28698" status="PASS">
          <reporter-output>
          </reporter-output>
        </test-method> <!-- test -->
        <test-method is-config="true" signature="closeBrowser()[pri:0, instance:TestSuite.AllTest@dcfda20]" started-at="2023-12-26T21:52:38Z" name="closeBrowser" finished-at="2023-12-26T21:52:38Z" duration-ms="216" status="PASS">
          <reporter-output>
          </reporter-output>
        </test-method> <!-- closeBrowser -->
      </class> <!-- TestSuite.AllTest -->
    </test> <!-- FunctionalTesting -->
  </suite> <!-- Identify New Bikes -->
</testng-results>
